<?xml version="1.0" encoding="UTF-8" ?>
<testsuite tests="9" failures="0" name="core.basesyntax.HelloWorldTest" time="0.159" errors="0" skipped="0">
  <properties>
    <property name="java.runtime.name" value="OpenJDK Runtime Environment"/>
    <property name="java.vm.version" value="14.0.1+7"/>
    <property name="sun.boot.library.path" value="C:\Users\uvuso\.jdks\openjdk-14.0.1\bin"/>
    <property name="user.country.format" value="UA"/>
    <property name="maven.multiModuleProjectDirectory" value="C:\projects\jv-lambda-calc1"/>
    <property name="java.vm.vendor" value="Oracle Corporation"/>
    <property name="java.vendor.url" value="https://java.oracle.com/"/>
    <property name="guice.disable.misplaced.annotation.check" value="true"/>
    <property name="path.separator" value=";"/>
    <property name="java.vm.name" value="OpenJDK 64-Bit Server VM"/>
    <property name="sun.os.patch.level" value=""/>
    <property name="user.script" value=""/>
    <property name="user.country" value="RU"/>
    <property name="sun.java.launcher" value="SUN_STANDARD"/>
    <property name="java.vm.specification.name" value="Java Virtual Machine Specification"/>
    <property name="user.dir" value="C:\projects\jv-lambda-calc1"/>
    <property name="java.vm.compressedOopsMode" value="Zero based"/>
    <property name="java.runtime.version" value="14.0.1+7"/>
    <property name="os.arch" value="amd64"/>
    <property name="java.io.tmpdir" value="C:\Users\uvuso\AppData\Local\Temp\"/>
    <property name="line.separator" value="
"/>
    <property name="java.vm.specification.vendor" value="Oracle Corporation"/>
    <property name="user.variant" value=""/>
    <property name="os.name" value="Windows 10"/>
    <property name="maven.ext.class.path" value="C:\compilers\IntelliJ IDEA 2020.1.1\plugins\maven\lib\maven-event-listener.jar"/>
    <property name="classworlds.conf" value="C:\compilers\IntelliJ IDEA 2020.1.1\plugins\maven\lib\maven3\bin\m2.conf"/>
    <property name="sun.jnu.encoding" value="Cp1251"/>
    <property name="java.library.path" value="C:\Users\uvuso\.jdks\openjdk-14.0.1\bin;C:\Windows\Sun\Java\bin;C:\Windows\system32;C:\Windows;C:\Program Files (x86)\Common Files\Oracle\Java\javapath;C:\Windows\system32;C:\Windows;C:\Windows\System32\Wbem;C:\Windows\System32\WindowsPowerShell\v1.0\;C:\Windows\System32\OpenSSH\;C:\Program Files (x86)\NVIDIA Corporation\PhysX\Common;C:\libraries\jdk-14\bin;C:\libraries\apache-maven-3.6.3\bin;C:\libraries\Git\cmd;C:\Program Files\MySQL\MySQL Shell 8.0\bin\;C:\Users\uvuso\AppData\Local\Microsoft\WindowsApps;;."/>
    <property name="maven.conf" value="C:\compilers\IntelliJ IDEA 2020.1.1\plugins\maven\lib\maven3/conf"/>
    <property name="jdk.debug" value="release"/>
    <property name="java.class.version" value="58.0"/>
    <property name="java.specification.name" value="Java Platform API Specification"/>
    <property name="sun.management.compiler" value="HotSpot 64-Bit Tiered Compilers"/>
    <property name="os.version" value="10.0"/>
    <property name="user.home" value="C:\Users\uvuso"/>
    <property name="user.timezone" value="Europe/Kiev"/>
    <property name="file.encoding" value="UTF-8"/>
    <property name="java.specification.version" value="14"/>
    <property name="user.name" value="uvuso"/>
    <property name="java.class.path" value="C:\compilers\IntelliJ IDEA 2020.1.1\plugins\maven\lib\maven3\boot\plexus-classworlds-2.6.0.jar;C:\compilers\IntelliJ IDEA 2020.1.1\plugins\maven\lib\maven3\boot\plexus-classworlds.license"/>
    <property name="java.vm.specification.version" value="14"/>
    <property name="sun.arch.data.model" value="64"/>
    <property name="sun.java.command" value="org.codehaus.classworlds.Launcher -Didea.version2020.1.1 package"/>
    <property name="java.home" value="C:\Users\uvuso\.jdks\openjdk-14.0.1"/>
    <property name="user.language" value="ru"/>
    <property name="java.specification.vendor" value="Oracle Corporation"/>
    <property name="idea.version2020.1.1" value="true"/>
    <property name="java.vm.info" value="mixed mode, sharing"/>
    <property name="java.version" value="14.0.1"/>
    <property name="java.vendor" value="Oracle Corporation"/>
    <property name="maven.home" value="C:\compilers\IntelliJ IDEA 2020.1.1\plugins\maven\lib\maven3"/>
    <property name="file.separator" value="\"/>
    <property name="java.version.date" value="2020-04-14"/>
    <property name="java.vendor.url.bug" value="https://bugreport.java.com/bugreport/"/>
    <property name="sun.io.unicode.encoding" value="UnicodeLittle"/>
    <property name="sun.cpu.endian" value="little"/>
    <property name="sun.cpu.isalist" value="amd64"/>
  </properties>
  <testcase classname="core.basesyntax.HelloWorldTest" name="divideTest" time="0.007"/>
  <testcase classname="core.basesyntax.HelloWorldTest" name="sumTest" time="0.055"/>
  <testcase classname="core.basesyntax.HelloWorldTest" name="powNegativeNumberTest" time="0"/>
  <testcase classname="core.basesyntax.HelloWorldTest" name="powTest" time="0"/>
  <testcase classname="core.basesyntax.HelloWorldTest" name="multiplyTest" time="0.001"/>
  <testcase classname="core.basesyntax.HelloWorldTest" name="powZeroTest" time="0.001"/>
  <testcase classname="core.basesyntax.HelloWorldTest" name="unexpectedOperation" time="0.009"/>
  <testcase classname="core.basesyntax.HelloWorldTest" name="differenceTest" time="0.07"/>
  <testcase classname="core.basesyntax.HelloWorldTest" name="arithmeticException" time="0.016"/>
</testsuite>